<?xml version="1.0" encoding="UTF-8"?>
<!-- Generated by org.testng.reporters.JUnitXMLReporter -->
<testsuite hostname="hal-51" name="Default test" tests="5" failures="0" timestamp="10 Aug 2013 02:50:28 GMT" time="5.771" errors="0">
  <testcase name="isUserAuthenticated" time="0.007" classname="com.bleulace.domain.crm.command.GroupCommandTest"/>
  <testcase name="isGroupCreated" time="0.234" classname="com.bleulace.domain.crm.command.GroupCommandTest"/>
  <testcase name="isGroupCreatorAddedToGroup" time="0.011" classname="com.bleulace.domain.crm.command.GroupCommandTest"/>
  <testcase name="isUserAuthenticated" time="0.001" classname="com.bleulace.domain.crm.command.FriendCommandTest"/>
  <testcase name="addFriend" time="0.19" classname="com.bleulace.domain.crm.command.FriendCommandTest"/>
</testsuite> <!-- Default test -->
