<?xml version="1.0" encoding="UTF-8"?>
<testng-results skipped="0" failed="0" total="5" passed="5">
  <reporter-output>
  </reporter-output>
  <suite name="Default suite" duration-ms="5771" started-at="2013-08-10T02:50:22Z" finished-at="2013-08-10T02:50:28Z">
    <groups>
    </groups>
    <test name="Default test" duration-ms="5771" started-at="2013-08-10T02:50:22Z" finished-at="2013-08-10T02:50:28Z">
      <class name="com.bleulace.domain.crm.command.GroupCommandTest">
        <test-method status="PASS" signature="springTestContextBeforeTestClass()[pri:0, instance:com.bleulace.domain.crm.command.GroupCommandTest@412b7140]" name="springTestContextBeforeTestClass" is-config="true" duration-ms="5" started-at="2013-08-09T22:50:22Z" finished-at="2013-08-09T22:50:22Z">
          <reporter-output>
          </reporter-output>
        </test-method> <!-- springTestContextBeforeTestClass -->
        <test-method status="PASS" signature="springTestContextPrepareTestInstance()[pri:0, instance:com.bleulace.domain.crm.command.GroupCommandTest@412b7140]" name="springTestContextPrepareTestInstance" is-config="true" duration-ms="4771" started-at="2013-08-09T22:50:22Z" depends-on-methods="org.springframework.test.context.testng.AbstractTestNGSpringContextTests.springTestContextBeforeTestClass" finished-at="2013-08-09T22:50:27Z">
          <reporter-output>
          </reporter-output>
        </test-method> <!-- springTestContextPrepareTestInstance -->
        <test-method status="PASS" signature="logInUser()[pri:0, instance:com.bleulace.domain.crm.command.GroupCommandTest@412b7140]" name="logInUser" is-config="true" duration-ms="406" started-at="2013-08-09T22:50:27Z" finished-at="2013-08-09T22:50:27Z">
          <reporter-output>
          </reporter-output>
        </test-method> <!-- logInUser -->
        <test-method status="PASS" signature="springTestContextBeforeTestMethod(java.lang.reflect.Method)[pri:0, instance:com.bleulace.domain.crm.command.GroupCommandTest@412b7140]" name="springTestContextBeforeTestMethod" is-config="true" duration-ms="1" started-at="2013-08-09T22:50:27Z" finished-at="2013-08-09T22:50:27Z">
          <params>
            <param index="0">
              <value>
                <![CDATA[public void com.bleulace.domain.AuthenticationTest.isUserAuthenticated()]]>
              </value>
            </param>
          </params>
          <reporter-output>
          </reporter-output>
        </test-method> <!-- springTestContextBeforeTestMethod -->
        <test-method status="PASS" signature="createGroup()[pri:0, instance:com.bleulace.domain.crm.command.GroupCommandTest@412b7140]" name="createGroup" is-config="true" duration-ms="38" started-at="2013-08-09T22:50:27Z" finished-at="2013-08-09T22:50:27Z">
          <reporter-output>
          </reporter-output>
        </test-method> <!-- createGroup -->
        <test-method status="PASS" signature="isUserAuthenticated()[pri:0, instance:com.bleulace.domain.crm.command.GroupCommandTest@412b7140]" name="isUserAuthenticated" duration-ms="7" started-at="2013-08-09T22:50:27Z" finished-at="2013-08-09T22:50:27Z">
          <reporter-output>
          </reporter-output>
        </test-method> <!-- isUserAuthenticated -->
        <test-method status="PASS" signature="springTestContextAfterTestMethod(java.lang.reflect.Method)[pri:0, instance:com.bleulace.domain.crm.command.GroupCommandTest@412b7140]" name="springTestContextAfterTestMethod" is-config="true" duration-ms="1" started-at="2013-08-09T22:50:27Z" finished-at="2013-08-09T22:50:27Z">
          <params>
            <param index="0">
              <value>
                <![CDATA[public void com.bleulace.domain.AuthenticationTest.isUserAuthenticated()]]>
              </value>
            </param>
          </params>
          <reporter-output>
          </reporter-output>
        </test-method> <!-- springTestContextAfterTestMethod -->
        <test-method status="PASS" signature="springTestContextBeforeTestMethod(java.lang.reflect.Method)[pri:0, instance:com.bleulace.domain.crm.command.GroupCommandTest@412b7140]" name="springTestContextBeforeTestMethod" is-config="true" duration-ms="1" started-at="2013-08-09T22:50:27Z" finished-at="2013-08-09T22:50:27Z">
          <params>
            <param index="0">
              <value>
                <![CDATA[public void com.bleulace.domain.crm.command.GroupCommandTest.isGroupCreated()]]>
              </value>
            </param>
          </params>
          <reporter-output>
          </reporter-output>
        </test-method> <!-- springTestContextBeforeTestMethod -->
        <test-method status="PASS" signature="createGroup()[pri:0, instance:com.bleulace.domain.crm.command.GroupCommandTest@412b7140]" name="createGroup" is-config="true" duration-ms="18" started-at="2013-08-09T22:50:27Z" finished-at="2013-08-09T22:50:27Z">
          <reporter-output>
          </reporter-output>
        </test-method> <!-- createGroup -->
        <test-method status="PASS" signature="isGroupCreated()[pri:0, instance:com.bleulace.domain.crm.command.GroupCommandTest@412b7140]" name="isGroupCreated" duration-ms="234" started-at="2013-08-09T22:50:27Z" finished-at="2013-08-09T22:50:28Z">
          <reporter-output>
          </reporter-output>
        </test-method> <!-- isGroupCreated -->
        <test-method status="PASS" signature="springTestContextAfterTestMethod(java.lang.reflect.Method)[pri:0, instance:com.bleulace.domain.crm.command.GroupCommandTest@412b7140]" name="springTestContextAfterTestMethod" is-config="true" duration-ms="1" started-at="2013-08-09T22:50:28Z" finished-at="2013-08-09T22:50:28Z">
          <params>
            <param index="0">
              <value>
                <![CDATA[public void com.bleulace.domain.crm.command.GroupCommandTest.isGroupCreated()]]>
              </value>
            </param>
          </params>
          <reporter-output>
          </reporter-output>
        </test-method> <!-- springTestContextAfterTestMethod -->
        <test-method status="PASS" signature="springTestContextBeforeTestMethod(java.lang.reflect.Method)[pri:0, instance:com.bleulace.domain.crm.command.GroupCommandTest@412b7140]" name="springTestContextBeforeTestMethod" is-config="true" duration-ms="0" started-at="2013-08-09T22:50:28Z" finished-at="2013-08-09T22:50:28Z">
          <params>
            <param index="0">
              <value>
                <![CDATA[public void com.bleulace.domain.crm.command.GroupCommandTest.isGroupCreatorAddedToGroup()]]>
              </value>
            </param>
          </params>
          <reporter-output>
          </reporter-output>
        </test-method> <!-- springTestContextBeforeTestMethod -->
        <test-method status="PASS" signature="createGroup()[pri:0, instance:com.bleulace.domain.crm.command.GroupCommandTest@412b7140]" name="createGroup" is-config="true" duration-ms="13" started-at="2013-08-09T22:50:28Z" finished-at="2013-08-09T22:50:28Z">
          <reporter-output>
          </reporter-output>
        </test-method> <!-- createGroup -->
        <test-method status="PASS" signature="isGroupCreatorAddedToGroup()[pri:0, instance:com.bleulace.domain.crm.command.GroupCommandTest@412b7140]" name="isGroupCreatorAddedToGroup" duration-ms="11" started-at="2013-08-09T22:50:28Z" finished-at="2013-08-09T22:50:28Z">
          <reporter-output>
          </reporter-output>
        </test-method> <!-- isGroupCreatorAddedToGroup -->
        <test-method status="PASS" signature="logOutUser()[pri:0, instance:com.bleulace.domain.crm.command.GroupCommandTest@412b7140]" name="logOutUser" is-config="true" duration-ms="1" started-at="2013-08-09T22:50:28Z" finished-at="2013-08-09T22:50:28Z">
          <reporter-output>
          </reporter-output>
        </test-method> <!-- logOutUser -->
        <test-method status="PASS" signature="springTestContextAfterTestMethod(java.lang.reflect.Method)[pri:0, instance:com.bleulace.domain.crm.command.GroupCommandTest@412b7140]" name="springTestContextAfterTestMethod" is-config="true" duration-ms="0" started-at="2013-08-09T22:50:28Z" finished-at="2013-08-09T22:50:28Z">
          <params>
            <param index="0">
              <value>
                <![CDATA[public void com.bleulace.domain.crm.command.GroupCommandTest.isGroupCreatorAddedToGroup()]]>
              </value>
            </param>
          </params>
          <reporter-output>
          </reporter-output>
        </test-method> <!-- springTestContextAfterTestMethod -->
        <test-method status="PASS" signature="springTestContextAfterTestClass()[pri:0, instance:com.bleulace.domain.crm.command.GroupCommandTest@412b7140]" name="springTestContextAfterTestClass" is-config="true" duration-ms="0" started-at="2013-08-09T22:50:28Z" finished-at="2013-08-09T22:50:28Z">
          <reporter-output>
          </reporter-output>
        </test-method> <!-- springTestContextAfterTestClass -->
      </class> <!-- com.bleulace.domain.crm.command.GroupCommandTest -->
      <class name="com.bleulace.domain.crm.command.FriendCommandTest">
        <test-method status="PASS" signature="springTestContextBeforeTestClass()[pri:0, instance:com.bleulace.domain.crm.command.FriendCommandTest@3354037e]" name="springTestContextBeforeTestClass" is-config="true" duration-ms="0" started-at="2013-08-09T22:50:28Z" finished-at="2013-08-09T22:50:28Z">
          <reporter-output>
          </reporter-output>
        </test-method> <!-- springTestContextBeforeTestClass -->
        <test-method status="PASS" signature="springTestContextPrepareTestInstance()[pri:0, instance:com.bleulace.domain.crm.command.FriendCommandTest@3354037e]" name="springTestContextPrepareTestInstance" is-config="true" duration-ms="21" started-at="2013-08-09T22:50:28Z" depends-on-methods="org.springframework.test.context.testng.AbstractTestNGSpringContextTests.springTestContextBeforeTestClass" finished-at="2013-08-09T22:50:28Z">
          <reporter-output>
          </reporter-output>
        </test-method> <!-- springTestContextPrepareTestInstance -->
        <test-method status="PASS" signature="logInUser()[pri:0, instance:com.bleulace.domain.crm.command.FriendCommandTest@3354037e]" name="logInUser" is-config="true" duration-ms="15" started-at="2013-08-09T22:50:28Z" finished-at="2013-08-09T22:50:28Z">
          <reporter-output>
          </reporter-output>
        </test-method> <!-- logInUser -->
        <test-method status="PASS" signature="createSecondAccount()[pri:0, instance:com.bleulace.domain.crm.command.FriendCommandTest@3354037e]" name="createSecondAccount" is-config="true" duration-ms="11" started-at="2013-08-09T22:50:28Z" finished-at="2013-08-09T22:50:28Z">
          <reporter-output>
          </reporter-output>
        </test-method> <!-- createSecondAccount -->
        <test-method status="PASS" signature="isUserAuthenticated()[pri:0, instance:com.bleulace.domain.crm.command.FriendCommandTest@3354037e]" name="isUserAuthenticated" duration-ms="1" started-at="2013-08-09T22:50:28Z" finished-at="2013-08-09T22:50:28Z">
          <reporter-output>
          </reporter-output>
        </test-method> <!-- isUserAuthenticated -->
        <test-method status="PASS" signature="springTestContextBeforeTestMethod(java.lang.reflect.Method)[pri:0, instance:com.bleulace.domain.crm.command.FriendCommandTest@3354037e]" name="springTestContextBeforeTestMethod" is-config="true" duration-ms="0" started-at="2013-08-09T22:50:28Z" finished-at="2013-08-09T22:50:28Z">
          <params>
            <param index="0">
              <value>
                <![CDATA[public void com.bleulace.domain.AuthenticationTest.isUserAuthenticated()]]>
              </value>
            </param>
          </params>
          <reporter-output>
          </reporter-output>
        </test-method> <!-- springTestContextBeforeTestMethod -->
        <test-method status="PASS" signature="springTestContextAfterTestMethod(java.lang.reflect.Method)[pri:0, instance:com.bleulace.domain.crm.command.FriendCommandTest@3354037e]" name="springTestContextAfterTestMethod" is-config="true" duration-ms="1" started-at="2013-08-09T22:50:28Z" finished-at="2013-08-09T22:50:28Z">
          <params>
            <param index="0">
              <value>
                <![CDATA[public void com.bleulace.domain.AuthenticationTest.isUserAuthenticated()]]>
              </value>
            </param>
          </params>
          <reporter-output>
          </reporter-output>
        </test-method> <!-- springTestContextAfterTestMethod -->
        <test-method status="PASS" signature="springTestContextBeforeTestMethod(java.lang.reflect.Method)[pri:0, instance:com.bleulace.domain.crm.command.FriendCommandTest@3354037e]" name="springTestContextBeforeTestMethod" is-config="true" duration-ms="0" started-at="2013-08-09T22:50:28Z" finished-at="2013-08-09T22:50:28Z">
          <params>
            <param index="0">
              <value>
                <![CDATA[public void com.bleulace.domain.crm.command.FriendCommandTest.addFriend()]]>
              </value>
            </param>
          </params>
          <reporter-output>
          </reporter-output>
        </test-method> <!-- springTestContextBeforeTestMethod -->
        <test-method status="PASS" signature="addFriend()[pri:0, instance:com.bleulace.domain.crm.command.FriendCommandTest@3354037e]" name="addFriend" duration-ms="190" started-at="2013-08-09T22:50:28Z" finished-at="2013-08-09T22:50:28Z">
          <reporter-output>
          </reporter-output>
        </test-method> <!-- addFriend -->
        <test-method status="PASS" signature="springTestContextAfterTestMethod(java.lang.reflect.Method)[pri:0, instance:com.bleulace.domain.crm.command.FriendCommandTest@3354037e]" name="springTestContextAfterTestMethod" is-config="true" duration-ms="0" started-at="2013-08-09T22:50:28Z" finished-at="2013-08-09T22:50:28Z">
          <params>
            <param index="0">
              <value>
                <![CDATA[public void com.bleulace.domain.crm.command.FriendCommandTest.addFriend()]]>
              </value>
            </param>
          </params>
          <reporter-output>
          </reporter-output>
        </test-method> <!-- springTestContextAfterTestMethod -->
        <test-method status="PASS" signature="logOutUser()[pri:0, instance:com.bleulace.domain.crm.command.FriendCommandTest@3354037e]" name="logOutUser" is-config="true" duration-ms="1" started-at="2013-08-09T22:50:28Z" finished-at="2013-08-09T22:50:28Z">
          <reporter-output>
          </reporter-output>
        </test-method> <!-- logOutUser -->
        <test-method status="PASS" signature="springTestContextAfterTestClass()[pri:0, instance:com.bleulace.domain.crm.command.FriendCommandTest@3354037e]" name="springTestContextAfterTestClass" is-config="true" duration-ms="0" started-at="2013-08-09T22:50:28Z" finished-at="2013-08-09T22:50:28Z">
          <reporter-output>
          </reporter-output>
        </test-method> <!-- springTestContextAfterTestClass -->
      </class> <!-- com.bleulace.domain.crm.command.FriendCommandTest -->
    </test> <!-- Default test -->
  </suite> <!-- Default suite -->
</testng-results>
